b:\onedrive\robotics\azuresphere\shockdetect\shockdetect\azureiot\azureiot\bin\arm\debug\approotazureiot\app_manifest.json
b:\onedrive\robotics\azuresphere\shockdetect\shockdetect\azureiot\azureiot\bin\arm\debug\approotazureiot\bin\app
b:\onedrive\robotics\azuresphere\shockdetect\shockdetect\azureiot\azureiot\bin\arm\debug\azureiot.imagepackage
b:\onedrive\robotics\azuresphere\shockdetect\shockdetect\azureiot\azureiot\obj\arm\debug\lps22hh_reg.o
b:\onedrive\robotics\azuresphere\shockdetect\shockdetect\azureiot\azureiot\obj\arm\debug\parson.o
b:\onedrive\robotics\azuresphere\shockdetect\shockdetect\azureiot\azureiot\obj\arm\debug\main.o
b:\onedrive\robotics\azuresphere\shockdetect\shockdetect\azureiot\azureiot\obj\arm\debug\epoll_timerfd_utilities.o
b:\onedrive\robotics\azuresphere\shockdetect\shockdetect\azureiot\azureiot\obj\arm\debug\lsm6dso_reg.o
b:\onedrive\robotics\azuresphere\shockdetect\shockdetect\azureiot\azureiot\bin\arm\debug\azureiot.out
b:\onedrive\robotics\azuresphere\shockdetect\shockdetect\azureiot\azureiot\obj\arm\debug\device_twin.o
b:\onedrive\robotics\azuresphere\shockdetect\shockdetect\azureiot\azureiot\obj\arm\debug\azure_iot_utilities.o
b:\onedrive\robotics\azuresphere\shockdetect\shockdetect\azureiot\azureiot\obj\arm\debug\i2c.o
b:\onedrive\robotics\azuresphere\shockdetect\shockdetect\azureiot\azureiot\obj\arm\debug\azureiot.tlog\arm-poky-linux-musleabi-gcc-collect2-real-ld.read.1.tlog
b:\onedrive\robotics\azuresphere\shockdetect\shockdetect\azureiot\azureiot\obj\arm\debug\azureiot.tlog\arm-poky-linux-musleabi-gcc-collect2-real-ld.write.1.tlog
b:\onedrive\robotics\azuresphere\shockdetect\shockdetect\azureiot\azureiot\obj\arm\debug\azureiot.tlog\arm-poky-linux-musleabi-gcc-collect2.read.1.tlog
b:\onedrive\robotics\azuresphere\shockdetect\shockdetect\azureiot\azureiot\obj\arm\debug\azureiot.tlog\arm-poky-linux-musleabi-gcc-collect2.write.1.tlog
b:\onedrive\robotics\azuresphere\shockdetect\shockdetect\azureiot\azureiot\obj\arm\debug\azureiot.tlog\arm-poky-linux-musleabi-gcc.command.1.tlog
b:\onedrive\robotics\azuresphere\shockdetect\shockdetect\azureiot\azureiot\obj\arm\debug\azureiot.tlog\arm-poky-linux-musleabi-gcc.read.1.tlog
b:\onedrive\robotics\azuresphere\shockdetect\shockdetect\azureiot\azureiot\obj\arm\debug\azureiot.tlog\arm-poky-linux-musleabi-gcc.write.1.tlog
b:\onedrive\robotics\azuresphere\shockdetect\shockdetect\azureiot\azureiot\obj\arm\debug\azureiot.tlog\azureiot-makeimage.read.1u.tlog
b:\onedrive\robotics\azuresphere\shockdetect\shockdetect\azureiot\azureiot\obj\arm\debug\azureiot.tlog\azureiot-makeimage.write.1u.tlog
b:\onedrive\robotics\azuresphere\shockdetect\shockdetect\azureiot\azureiot\obj\arm\debug\azureiot.tlog\microsoft.build.linux.cross.tasks.compile.read.1.tlog
b:\onedrive\robotics\azuresphere\shockdetect\shockdetect\azureiot\azureiot\obj\arm\debug\azureiot.tlog\microsoft.build.linux.cross.tasks.compile.write.1.tlog
